Vivado Simulator 2017.3
Copyright 1986-1999, 2001-2016 Xilinx, Inc. All Rights Reserved.
Running: C:/Xilinx/Vivado/2017.3/bin/unwrapped/win64.o/xelab.exe -wto 404c87273560422394f273d467c07ba7 --incr --debug typical --relax --mt 2 -L xil_defaultlib -L secureip --snapshot juego_sim_behav xil_defaultlib.juego_sim -log elaborate.log 
Using 2 slave threads.
Starting static elaboration
Completed static elaboration
Starting simulation data flow analysis
Completed simulation data flow analysis
Time Resolution for simulation is 1ps
Compiling package std.standard
Compiling package std.textio
Compiling package ieee.std_logic_1164
Compiling package ieee.std_logic_arith
Compiling package ieee.std_logic_unsigned
Compiling package unisim.vcomponents
Compiling package ieee.numeric_std
Compiling architecture behave of entity xil_defaultlib.debounce [\debounce(count_max=19,count_wid...]
Compiling architecture behavioral of entity xil_defaultlib.vga_ctrl_640x480_60Hz [vga_ctrl_640x480_60hz_default]
Compiling architecture behavioral of entity xil_defaultlib.states_machine [states_machine_default]
Compiling architecture behavioral of entity xil_defaultlib.segment_decoder_34 [segment_decoder_34_default]
Compiling architecture behavioral of entity xil_defaultlib.display_34 [display_34_default]
Compiling architecture behavioral of entity xil_defaultlib.juego [juego_default]
Compiling architecture behavioral of entity xil_defaultlib.juego_sim
Built simulation snapshot juego_sim_behav
